\BOOKMARK [1][-]{section.1.1}{Einleitung}{}% 1
\BOOKMARK [1][-]{section.1.2}{Anforderungsanalyse}{}% 2
\BOOKMARK [2][-]{subsection.1.2.1}{Anwendungsf\344lle und Nutzungskontext}{section.1.2}% 3
\BOOKMARK [2][-]{subsection.1.2.2}{Stand der Technik}{section.1.2}% 4
\BOOKMARK [2][-]{subsection.1.2.3}{Fokusgruppe}{section.1.2}% 5
\BOOKMARK [1][-]{section.1.3}{Prototyping: low-fidelity}{}% 6
\BOOKMARK [2][-]{subsection.1.3.1}{Papierprototypen und deren Designentscheidung}{section.1.3}% 7
\BOOKMARK [3][-]{section*.5}{Prototyp I:}{subsection.1.3.1}% 8
\BOOKMARK [3][-]{section*.6}{Prototyp II:}{subsection.1.3.1}% 9
\BOOKMARK [3][-]{section*.7}{Prototyp III:}{subsection.1.3.1}% 10
\BOOKMARK [3][-]{section*.8}{Prototyp IV:}{subsection.1.3.1}% 11
\BOOKMARK [2][-]{subsection.1.3.2}{Heuristische Evaluation}{section.1.3}% 12
\BOOKMARK [2][-]{subsection.1.3.3}{Fazit}{section.1.3}% 13
\BOOKMARK [1][-]{section.1.4}{Prototyping: high-fidelity}{}% 14
\BOOKMARK [2][-]{subsection.1.4.1}{Umsetzung des Papierprototypen}{section.1.4}% 15
\BOOKMARK [2][-]{subsection.1.4.2}{Anwendungsf\344lle f\374r den high-fidelity Prototypen}{section.1.4}% 16
\BOOKMARK [2][-]{subsection.1.4.3}{Kritische Betrachtung}{section.1.4}% 17
\BOOKMARK [1][-]{section.1.5}{Evaluation}{}% 18
\BOOKMARK [2][-]{subsection.1.5.1}{Einleitung}{section.1.5}% 19
\BOOKMARK [2][-]{subsection.1.5.2}{Der Adressat}{section.1.5}% 20
\BOOKMARK [2][-]{subsection.1.5.3}{Evaluationsziele}{section.1.5}% 21
\BOOKMARK [2][-]{subsection.1.5.4}{Aspekte}{section.1.5}% 22
\BOOKMARK [3][-]{section*.9}{Aktivit\344ten, Resultate, Leistungen, Reaktionen}{subsection.1.5.4}% 23
\BOOKMARK [3][-]{section*.10}{Auswirkungen und Ver\344nderungen}{subsection.1.5.4}% 24
\BOOKMARK [3][-]{section*.11}{Empfehlung}{subsection.1.5.4}% 25
\BOOKMARK [2][-]{subsection.1.5.5}{Prototyp}{section.1.5}% 26
\BOOKMARK [3][-]{section*.12}{Steuerung und Modi}{subsection.1.5.5}% 27
\BOOKMARK [3][-]{section*.13}{Zielfunktionen und Aufgaben an Probanden}{subsection.1.5.5}% 28
\BOOKMARK [2][-]{subsection.1.5.6}{Evaluationsauswertung}{section.1.5}% 29
\BOOKMARK [3][-]{section*.14}{AttrakDiff}{subsection.1.5.6}% 30
\BOOKMARK [3][-]{section*.15}{Resultat}{subsection.1.5.6}% 31
\BOOKMARK [1][-]{section.1.6}{Zusammenfassung}{}% 32
